\BOOKMARK [2][-]{Doc-Start}{Introduction}{}% 1
\BOOKMARK [3][-]{section*.1}{1.1 Data cleaning and processing}{Doc-Start}% 2
\BOOKMARK [3][-]{section*.1}{1.2 Sampling Method}{Doc-Start}% 3
\BOOKMARK [2][-]{section*.1}{Analysis}{}% 4
\BOOKMARK [3][-]{section*.2}{Step 1}{section*.1}% 5
\BOOKMARK [3][-]{section*.2}{Step 2}{section*.1}% 6
\BOOKMARK [3][-]{section*.2}{Step 3}{section*.1}% 7
\BOOKMARK [2][-]{section*.2}{Multiple Regression}{}% 8
\BOOKMARK [3][-]{section*.3}{Analysis}{section*.2}% 9
\BOOKMARK [3][-]{section*.3}{Results}{section*.2}% 10
\BOOKMARK [2][-]{section*.3}{Logistic Regression}{}% 11
\BOOKMARK [3][-]{section*.4}{Analysis}{section*.3}% 12
\BOOKMARK [3][-]{section*.4}{Results}{section*.3}% 13
\BOOKMARK [2][-]{section*.4}{Limitations}{}% 14
\BOOKMARK [3][-]{section*.5}{4.1 Gender bias}{section*.4}% 15
\BOOKMARK [3][-]{section*.5}{4.2 Age range}{section*.4}% 16
\BOOKMARK [3][-]{section*.5}{4.3 Multicollinearity}{section*.4}% 17
\BOOKMARK [2][-]{section*.5}{Conclusion}{}% 18
\BOOKMARK [2][-]{section*.5}{Reference List}{}% 19
\BOOKMARK [3][-]{section*.6}{1.}{section*.5}% 20
\BOOKMARK [3][-]{section*.6}{2.}{section*.5}% 21
\BOOKMARK [3][-]{section*.6}{3.}{section*.5}% 22
\BOOKMARK [3][-]{section*.6}{4.}{section*.5}% 23
\BOOKMARK [3][-]{section*.6}{5.}{section*.5}% 24
\BOOKMARK [3][-]{section*.6}{6.}{section*.5}% 25
\BOOKMARK [2][-]{section*.6}{Appendixes}{}% 26
\BOOKMARK [3][-]{section*.7}{Appendix A}{section*.6}% 27
\BOOKMARK [3][-]{section*.7}{Appendix B}{section*.6}% 28
\BOOKMARK [3][-]{section*.7}{Appendix C -}{section*.6}% 29
